<?xml version="1.0" encoding="UTF-8"?>
<testsuite xmlns:xsi="http://www.w3.org/2001/XMLSchema-instance" xsi:noNamespaceSchemaLocation="https://maven.apache.org/surefire/maven-surefire-plugin/xsd/surefire-test-report.xsd" name="cz.muni.fi.pb162.hw03.app.impl.ApplicationTest" time="2.21" tests="6" errors="0" skipped="0" failures="0">
  <properties>
[...]
</properties>
  <testcase name="printsElementBySymbol" classname="cz.muni.fi.pb162.hw03.app.impl.ApplicationTest" time="0.963"/>
  <testcase name="printsErrorOnWhenElementNotFound" classname="cz.muni.fi.pb162.hw03.app.impl.ApplicationTest" time="0.451"/>
  <testcase name="printsErrorOnMultipleFilters" classname="cz.muni.fi.pb162.hw03.app.impl.ApplicationTest" time="0.005"/>
  <testcase name="printsElementByName" classname="cz.muni.fi.pb162.hw03.app.impl.ApplicationTest" time="0.006"/>
  <testcase name="printsElementByYear" classname="cz.muni.fi.pb162.hw03.app.impl.ApplicationTest" time="0.569"/>
  <testcase name="printsElementByAtomicNumber" classname="cz.muni.fi.pb162.hw03.app.impl.ApplicationTest" time="0.008"/>
</testsuite>